2025-07-15 14:24:05,038 [INFO] Program started
2025-07-15 14:24:05,827 [INFO] getData thread started.
2025-07-15 14:24:05,828 [INFO] runDataLoop thread started.
2025-07-15 14:24:05,828 [INFO] getDataThread is running.
2025-07-15 14:24:05,830 [INFO] runDataLoopThread is running.
2025-07-15 14:24:15,832 [INFO] getDataThread is running.
2025-07-15 14:24:15,832 [INFO] runDataLoopThread is running.
2025-07-15 14:24:25,832 [INFO] getDataThread is running.
2025-07-15 14:24:25,833 [INFO] runDataLoopThread is running.
2025-07-15 14:24:35,833 [INFO] getDataThread is running.
2025-07-15 14:24:35,833 [INFO] runDataLoopThread is running.
2025-07-15 14:24:45,834 [INFO] getDataThread is running.
2025-07-15 14:24:45,834 [INFO] runDataLoopThread is running.
2025-07-15 14:24:55,834 [INFO] getDataThread is running.
2025-07-15 14:24:55,835 [INFO] runDataLoopThread is running.
2025-07-15 14:25:05,835 [INFO] getDataThread is running.
2025-07-15 14:25:05,835 [INFO] runDataLoopThread is running.
2025-07-15 14:25:15,836 [INFO] getDataThread is running.
2025-07-15 14:25:15,836 [INFO] runDataLoopThread is running.
2025-07-15 14:25:25,836 [INFO] getDataThread is running.
2025-07-15 14:25:25,837 [INFO] runDataLoopThread is running.
2025-07-15 14:25:35,837 [INFO] getDataThread is running.
2025-07-15 14:25:35,837 [INFO] runDataLoopThread is running.
2025-07-15 14:25:45,838 [INFO] getDataThread is running.
2025-07-15 14:25:45,838 [INFO] runDataLoopThread is running.
2025-07-15 14:25:55,838 [INFO] getDataThread is running.
2025-07-15 14:25:55,839 [INFO] runDataLoopThread is running.
2025-07-15 14:26:05,839 [INFO] getDataThread is running.
2025-07-15 14:26:05,839 [INFO] runDataLoopThread is running.
2025-07-15 14:26:15,840 [INFO] getDataThread is running.
2025-07-15 14:26:15,840 [INFO] runDataLoopThread is running.
2025-07-15 14:26:25,840 [INFO] getDataThread is running.
2025-07-15 14:26:25,841 [INFO] runDataLoopThread is running.
2025-07-15 14:26:35,841 [INFO] getDataThread is running.
2025-07-15 14:26:35,841 [INFO] runDataLoopThread is running.
2025-07-15 14:26:45,842 [INFO] getDataThread is running.
2025-07-15 14:26:45,842 [INFO] runDataLoopThread is running.
2025-07-15 14:26:55,842 [INFO] getDataThread is running.
2025-07-15 14:26:55,843 [INFO] runDataLoopThread is running.
2025-07-15 14:27:05,843 [INFO] getDataThread is running.
2025-07-15 14:27:05,843 [INFO] runDataLoopThread is running.
2025-07-15 14:27:15,844 [INFO] getDataThread is running.
2025-07-15 14:27:15,844 [INFO] runDataLoopThread is running.
2025-07-15 14:27:25,845 [INFO] getDataThread is running.
2025-07-15 14:27:25,845 [INFO] runDataLoopThread is running.
2025-07-15 14:27:35,845 [INFO] getDataThread is running.
2025-07-15 14:27:35,846 [INFO] runDataLoopThread is running.
2025-07-15 14:27:45,846 [INFO] getDataThread is running.
2025-07-15 14:27:45,846 [INFO] runDataLoopThread is running.
2025-07-15 14:27:55,847 [INFO] getDataThread is running.
2025-07-15 14:27:55,847 [INFO] runDataLoopThread is running.
2025-07-15 14:28:05,847 [INFO] getDataThread is running.
2025-07-15 14:28:05,848 [INFO] runDataLoopThread is running.
2025-07-15 14:28:15,848 [INFO] getDataThread is running.
2025-07-15 14:28:15,848 [INFO] runDataLoopThread is running.
2025-07-15 14:28:25,849 [INFO] getDataThread is running.
2025-07-15 14:28:25,849 [INFO] runDataLoopThread is running.
2025-07-15 14:28:35,850 [INFO] getDataThread is running.
2025-07-15 14:28:35,854 [INFO] runDataLoopThread is running.
2025-07-15 14:28:45,855 [INFO] getDataThread is running.
2025-07-15 14:28:45,855 [INFO] runDataLoopThread is running.
2025-07-15 14:28:55,856 [INFO] getDataThread is running.
2025-07-15 14:28:55,856 [INFO] runDataLoopThread is running.
2025-07-15 14:29:05,856 [INFO] getDataThread is running.
2025-07-15 14:29:05,857 [INFO] runDataLoopThread is running.
2025-07-15 14:29:15,857 [INFO] getDataThread is running.
2025-07-15 14:29:15,857 [INFO] runDataLoopThread is running.
2025-07-15 14:29:25,858 [INFO] getDataThread is running.
2025-07-15 14:29:25,858 [INFO] runDataLoopThread is running.
2025-07-15 14:29:35,858 [INFO] getDataThread is running.
2025-07-15 14:29:35,859 [INFO] runDataLoopThread is running.
2025-07-15 14:29:45,859 [INFO] getDataThread is running.
2025-07-15 14:29:45,859 [INFO] runDataLoopThread is running.
2025-07-15 14:29:55,860 [INFO] getDataThread is running.
2025-07-15 14:29:55,860 [INFO] runDataLoopThread is running.
2025-07-15 14:30:05,861 [INFO] getDataThread is running.
2025-07-15 14:30:05,861 [INFO] runDataLoopThread is running.
2025-07-15 14:30:15,861 [INFO] getDataThread is running.
2025-07-15 14:30:15,862 [INFO] runDataLoopThread is running.
2025-07-15 14:30:25,862 [INFO] getDataThread is running.
2025-07-15 14:30:25,862 [INFO] runDataLoopThread is running.
2025-07-15 14:30:35,863 [INFO] getDataThread is running.
2025-07-15 14:30:35,863 [INFO] runDataLoopThread is running.
2025-07-15 14:30:45,863 [INFO] getDataThread is running.
2025-07-15 14:30:45,864 [INFO] runDataLoopThread is running.
2025-07-15 14:30:55,864 [INFO] getDataThread is running.
2025-07-15 14:30:55,864 [INFO] runDataLoopThread is running.
2025-07-15 14:31:05,865 [INFO] getDataThread is running.
2025-07-15 14:31:05,865 [INFO] runDataLoopThread is running.
2025-07-15 14:31:15,865 [INFO] getDataThread is running.
2025-07-15 14:31:15,866 [INFO] runDataLoopThread is running.
2025-07-15 14:31:25,866 [INFO] getDataThread is running.
2025-07-15 14:31:25,867 [INFO] runDataLoopThread is running.
2025-07-15 14:31:35,867 [INFO] getDataThread is running.
2025-07-15 14:31:35,867 [INFO] runDataLoopThread is running.
2025-07-15 14:31:45,868 [INFO] getDataThread is running.
2025-07-15 14:31:45,868 [INFO] runDataLoopThread is running.
2025-07-15 14:31:55,868 [INFO] getDataThread is running.
2025-07-15 14:31:55,869 [INFO] runDataLoopThread is running.
2025-07-15 14:32:05,869 [INFO] getDataThread is running.
2025-07-15 14:32:05,869 [INFO] runDataLoopThread is running.
2025-07-15 14:32:15,869 [INFO] getDataThread is running.
2025-07-15 14:32:15,870 [INFO] runDataLoopThread is running.
2025-07-15 14:32:25,870 [INFO] getDataThread is running.
2025-07-15 14:32:25,870 [INFO] runDataLoopThread is running.
2025-07-15 14:32:35,871 [INFO] getDataThread is running.
2025-07-15 14:32:35,871 [INFO] runDataLoopThread is running.
2025-07-15 14:32:45,871 [INFO] getDataThread is running.
2025-07-15 14:32:45,872 [INFO] runDataLoopThread is running.
2025-07-15 14:32:55,872 [INFO] getDataThread is running.
2025-07-15 14:32:55,872 [INFO] runDataLoopThread is running.
2025-07-15 14:33:05,873 [INFO] getDataThread is running.
2025-07-15 14:33:05,873 [INFO] runDataLoopThread is running.
2025-07-15 14:33:15,873 [INFO] getDataThread is running.
2025-07-15 14:33:15,874 [INFO] runDataLoopThread is running.
2025-07-15 14:33:25,874 [INFO] getDataThread is running.
2025-07-15 14:33:25,874 [INFO] runDataLoopThread is running.
2025-07-15 14:33:35,875 [INFO] getDataThread is running.
2025-07-15 14:33:35,875 [INFO] runDataLoopThread is running.
2025-07-15 14:33:45,875 [INFO] getDataThread is running.
2025-07-15 14:33:45,876 [INFO] runDataLoopThread is running.
2025-07-15 14:33:55,876 [INFO] getDataThread is running.
2025-07-15 14:33:55,876 [INFO] runDataLoopThread is running.
2025-07-15 14:34:05,877 [INFO] getDataThread is running.
2025-07-15 14:34:05,878 [INFO] runDataLoopThread is running.
2025-07-15 14:34:15,879 [INFO] getDataThread is running.
2025-07-15 14:34:15,879 [INFO] runDataLoopThread is running.
2025-07-15 14:34:25,880 [INFO] getDataThread is running.
2025-07-15 14:34:25,880 [INFO] runDataLoopThread is running.
2025-07-15 14:34:35,881 [INFO] getDataThread is running.
2025-07-15 14:34:35,882 [INFO] runDataLoopThread is running.
2025-07-15 14:34:45,882 [INFO] getDataThread is running.
2025-07-15 14:34:45,882 [INFO] runDataLoopThread is running.
2025-07-15 14:34:55,883 [INFO] getDataThread is running.
2025-07-15 14:34:55,883 [INFO] runDataLoopThread is running.
2025-07-15 14:35:05,883 [INFO] getDataThread is running.
2025-07-15 14:35:05,884 [INFO] runDataLoopThread is running.
2025-07-15 14:35:15,884 [INFO] getDataThread is running.
2025-07-15 14:35:15,884 [INFO] runDataLoopThread is running.
2025-07-15 14:35:25,885 [INFO] getDataThread is running.
2025-07-15 14:35:25,885 [INFO] runDataLoopThread is running.
2025-07-15 14:35:35,885 [INFO] getDataThread is running.
2025-07-15 14:35:35,886 [INFO] runDataLoopThread is running.
2025-07-15 14:35:45,886 [INFO] getDataThread is running.
2025-07-15 14:35:45,887 [INFO] runDataLoopThread is running.
2025-07-15 14:35:55,887 [INFO] getDataThread is running.
2025-07-15 14:35:55,888 [INFO] runDataLoopThread is running.
2025-07-15 14:36:05,888 [INFO] getDataThread is running.
2025-07-15 14:36:05,888 [INFO] runDataLoopThread is running.
2025-07-15 14:36:15,888 [INFO] getDataThread is running.
2025-07-15 14:36:15,889 [INFO] runDataLoopThread is running.
2025-07-15 14:36:25,889 [INFO] getDataThread is running.
2025-07-15 14:36:25,889 [INFO] runDataLoopThread is running.
2025-07-15 14:36:35,890 [INFO] getDataThread is running.
2025-07-15 14:36:35,890 [INFO] runDataLoopThread is running.
2025-07-15 14:36:45,890 [INFO] getDataThread is running.
2025-07-15 14:36:45,891 [INFO] runDataLoopThread is running.
2025-07-15 14:36:55,891 [INFO] getDataThread is running.
2025-07-15 14:36:55,891 [INFO] runDataLoopThread is running.
2025-07-15 14:37:05,892 [INFO] getDataThread is running.
2025-07-15 14:37:05,892 [INFO] runDataLoopThread is running.
2025-07-15 14:37:15,893 [INFO] getDataThread is running.
2025-07-15 14:37:15,893 [INFO] runDataLoopThread is running.
2025-07-15 14:37:25,893 [INFO] getDataThread is running.
2025-07-15 14:37:25,894 [INFO] runDataLoopThread is running.
2025-07-15 14:37:35,894 [INFO] getDataThread is running.
2025-07-15 14:37:35,894 [INFO] runDataLoopThread is running.
2025-07-15 14:37:45,895 [INFO] getDataThread is running.
2025-07-15 14:37:45,895 [INFO] runDataLoopThread is running.
2025-07-15 14:37:55,895 [INFO] getDataThread is running.
2025-07-15 14:37:55,896 [INFO] runDataLoopThread is running.
2025-07-15 14:38:05,896 [INFO] getDataThread is running.
2025-07-15 14:38:05,896 [INFO] runDataLoopThread is running.
2025-07-15 14:38:15,897 [INFO] getDataThread is running.
2025-07-15 14:38:15,897 [INFO] runDataLoopThread is running.
2025-07-15 14:38:25,897 [INFO] getDataThread is running.
2025-07-15 14:38:25,898 [INFO] runDataLoopThread is running.
2025-07-15 14:38:35,898 [INFO] getDataThread is running.
2025-07-15 14:38:35,898 [INFO] runDataLoopThread is running.
2025-07-15 14:38:45,898 [INFO] getDataThread is running.
2025-07-15 14:38:45,899 [INFO] runDataLoopThread is running.
2025-07-15 14:38:55,899 [INFO] getDataThread is running.
2025-07-15 14:38:55,900 [INFO] runDataLoopThread is running.
2025-07-15 14:39:05,900 [INFO] getDataThread is running.
2025-07-15 14:39:05,900 [INFO] runDataLoopThread is running.
2025-07-15 14:39:15,901 [INFO] getDataThread is running.
2025-07-15 14:39:15,901 [INFO] runDataLoopThread is running.
2025-07-15 14:39:25,902 [INFO] getDataThread is running.
2025-07-15 14:39:25,903 [INFO] runDataLoopThread is running.
2025-07-15 14:39:35,903 [INFO] getDataThread is running.
2025-07-15 14:39:35,903 [INFO] runDataLoopThread is running.
2025-07-15 14:39:45,904 [INFO] getDataThread is running.
2025-07-15 14:39:45,904 [INFO] runDataLoopThread is running.
2025-07-15 14:39:55,904 [INFO] getDataThread is running.
2025-07-15 14:39:55,905 [INFO] runDataLoopThread is running.
2025-07-15 14:40:05,905 [INFO] getDataThread is running.
2025-07-15 14:40:05,905 [INFO] runDataLoopThread is running.
2025-07-15 14:40:15,905 [INFO] getDataThread is running.
2025-07-15 14:40:15,906 [INFO] runDataLoopThread is running.
2025-07-15 14:40:25,907 [INFO] getDataThread is running.
2025-07-15 14:40:25,907 [INFO] runDataLoopThread is running.
2025-07-15 14:40:35,907 [INFO] getDataThread is running.
2025-07-15 14:40:35,908 [INFO] runDataLoopThread is running.
2025-07-15 14:40:45,908 [INFO] getDataThread is running.
2025-07-15 14:40:45,908 [INFO] runDataLoopThread is running.
2025-07-15 14:40:55,909 [INFO] getDataThread is running.
2025-07-15 14:40:55,909 [INFO] runDataLoopThread is running.
2025-07-15 14:41:05,909 [INFO] getDataThread is running.
2025-07-15 14:41:05,910 [INFO] runDataLoopThread is running.
2025-07-15 14:41:15,910 [INFO] getDataThread is running.
2025-07-15 14:41:15,911 [INFO] runDataLoopThread is running.
2025-07-15 14:41:25,911 [INFO] getDataThread is running.
2025-07-15 14:41:25,911 [INFO] runDataLoopThread is running.
2025-07-15 14:41:35,912 [INFO] getDataThread is running.
2025-07-15 14:41:35,912 [INFO] runDataLoopThread is running.
2025-07-15 14:41:45,913 [INFO] getDataThread is running.
2025-07-15 14:41:45,913 [INFO] runDataLoopThread is running.
2025-07-15 14:41:55,913 [INFO] getDataThread is running.
2025-07-15 14:41:55,914 [INFO] runDataLoopThread is running.
2025-07-15 14:42:05,914 [INFO] getDataThread is running.
2025-07-15 14:42:05,914 [INFO] runDataLoopThread is running.
2025-07-15 14:42:15,915 [INFO] getDataThread is running.
2025-07-15 14:42:15,915 [INFO] runDataLoopThread is running.
2025-07-15 14:42:25,915 [INFO] getDataThread is running.
2025-07-15 14:42:25,916 [INFO] runDataLoopThread is running.
2025-07-15 14:42:35,916 [INFO] getDataThread is running.
2025-07-15 14:42:35,916 [INFO] runDataLoopThread is running.
2025-07-15 14:42:45,917 [INFO] getDataThread is running.
2025-07-15 14:42:45,917 [INFO] runDataLoopThread is running.
2025-07-15 14:42:55,918 [INFO] getDataThread is running.
2025-07-15 14:42:55,918 [INFO] runDataLoopThread is running.
2025-07-15 14:43:05,918 [INFO] getDataThread is running.
2025-07-15 14:43:05,919 [INFO] runDataLoopThread is running.
2025-07-15 14:43:15,919 [INFO] getDataThread is running.
2025-07-15 14:43:15,919 [INFO] runDataLoopThread is running.
2025-07-15 14:43:25,920 [INFO] getDataThread is running.
2025-07-15 14:43:25,920 [INFO] runDataLoopThread is running.
2025-07-15 14:43:35,920 [INFO] getDataThread is running.
2025-07-15 14:43:35,921 [INFO] runDataLoopThread is running.
2025-07-15 14:43:45,921 [INFO] getDataThread is running.
2025-07-15 14:43:45,921 [INFO] runDataLoopThread is running.
2025-07-15 14:43:55,922 [INFO] getDataThread is running.
2025-07-15 14:43:55,922 [INFO] runDataLoopThread is running.
2025-07-15 14:44:05,922 [INFO] getDataThread is running.
2025-07-15 14:44:05,923 [INFO] runDataLoopThread is running.
2025-07-15 14:44:15,923 [INFO] getDataThread is running.
2025-07-15 14:44:15,923 [INFO] runDataLoopThread is running.
2025-07-15 14:44:25,924 [INFO] getDataThread is running.
2025-07-15 14:44:25,924 [INFO] runDataLoopThread is running.
2025-07-15 14:44:35,924 [INFO] getDataThread is running.
2025-07-15 14:44:35,925 [INFO] runDataLoopThread is running.
2025-07-15 14:44:45,926 [INFO] getDataThread is running.
2025-07-15 14:44:45,926 [INFO] runDataLoopThread is running.
2025-07-15 14:44:55,927 [INFO] getDataThread is running.
2025-07-15 14:44:55,927 [INFO] runDataLoopThread is running.
2025-07-15 14:45:05,927 [INFO] getDataThread is running.
2025-07-15 14:45:05,928 [INFO] runDataLoopThread is running.
2025-07-15 15:19:16,019 [INFO] Program started
2025-07-15 15:19:21,900 [INFO] getData thread started.
2025-07-15 15:19:21,901 [INFO] runDataLoop thread started.
2025-07-15 15:19:21,901 [INFO] getDataThread is running.
2025-07-15 15:19:21,903 [INFO] runDataLoopThread is running.
2025-07-15 15:19:31,905 [INFO] getDataThread is running.
2025-07-15 15:19:31,905 [INFO] runDataLoopThread is running.
2025-07-15 15:19:41,905 [INFO] getDataThread is running.
2025-07-15 15:19:41,906 [INFO] runDataLoopThread is running.
2025-07-15 15:19:51,906 [INFO] getDataThread is running.
2025-07-15 15:19:51,906 [INFO] runDataLoopThread is running.
2025-07-15 15:20:01,907 [INFO] getDataThread is running.
2025-07-15 15:20:01,907 [INFO] runDataLoopThread is running.
2025-07-15 15:20:11,907 [INFO] getDataThread is running.
2025-07-15 15:20:11,908 [INFO] runDataLoopThread is running.
2025-07-15 15:20:21,908 [INFO] getDataThread is running.
2025-07-15 15:20:21,908 [INFO] runDataLoopThread is running.
2025-07-15 15:20:31,909 [INFO] getDataThread is running.
2025-07-15 15:20:31,909 [INFO] runDataLoopThread is running.
2025-07-15 15:20:41,909 [INFO] getDataThread is running.
2025-07-15 15:20:41,910 [INFO] runDataLoopThread is running.
2025-07-15 15:20:51,910 [INFO] getDataThread is running.
2025-07-15 15:20:51,910 [INFO] runDataLoopThread is running.
2025-07-15 15:21:01,911 [INFO] getDataThread is running.
2025-07-15 15:21:01,911 [INFO] runDataLoopThread is running.
2025-07-15 15:21:11,911 [INFO] getDataThread is running.
2025-07-15 15:21:11,912 [INFO] runDataLoopThread is running.
2025-07-15 15:21:21,912 [INFO] getDataThread is running.
2025-07-15 15:21:21,912 [INFO] runDataLoopThread is running.
2025-07-15 15:21:31,913 [INFO] getDataThread is running.
2025-07-15 15:21:31,914 [INFO] runDataLoopThread is running.
2025-07-15 15:21:41,914 [INFO] getDataThread is running.
2025-07-15 15:21:41,915 [INFO] runDataLoopThread is running.
2025-07-15 15:21:51,916 [INFO] getDataThread is running.
2025-07-15 15:21:51,916 [INFO] runDataLoopThread is running.
2025-07-15 15:22:01,916 [INFO] getDataThread is running.
2025-07-15 15:22:01,917 [INFO] runDataLoopThread is running.
2025-07-15 15:22:11,917 [INFO] getDataThread is running.
2025-07-15 15:22:11,917 [INFO] runDataLoopThread is running.
2025-07-15 15:22:21,918 [INFO] getDataThread is running.
2025-07-15 15:22:21,918 [INFO] runDataLoopThread is running.
2025-07-15 15:22:31,919 [INFO] getDataThread is running.
2025-07-15 15:22:31,919 [INFO] runDataLoopThread is running.
2025-07-15 15:22:41,919 [INFO] getDataThread is running.
2025-07-15 15:22:41,920 [INFO] runDataLoopThread is running.
2025-07-15 15:22:51,920 [INFO] getDataThread is running.
2025-07-15 15:22:51,920 [INFO] runDataLoopThread is running.
2025-07-15 15:23:01,921 [INFO] getDataThread is running.
2025-07-15 15:23:01,921 [INFO] runDataLoopThread is running.
2025-07-15 15:23:11,922 [INFO] getDataThread is running.
2025-07-15 15:23:11,922 [INFO] runDataLoopThread is running.
2025-07-15 15:23:21,922 [INFO] getDataThread is running.
2025-07-15 15:23:21,923 [INFO] runDataLoopThread is running.
2025-07-15 15:23:31,923 [INFO] getDataThread is running.
2025-07-15 15:23:31,923 [INFO] runDataLoopThread is running.
2025-07-15 15:23:41,924 [INFO] getDataThread is running.
2025-07-15 15:23:41,924 [INFO] runDataLoopThread is running.
2025-07-15 15:23:51,924 [INFO] getDataThread is running.
2025-07-15 15:23:51,925 [INFO] runDataLoopThread is running.
2025-07-15 16:33:15,891 [INFO] Program started
2025-07-15 16:33:21,675 [INFO] getData thread started.
2025-07-15 16:33:21,675 [INFO] runDataLoop thread started.
2025-07-15 16:33:21,676 [INFO] getDataThread is running.
2025-07-15 16:33:21,678 [INFO] runDataLoopThread is running.
2025-07-15 16:33:31,679 [INFO] getDataThread is running.
2025-07-15 16:33:31,679 [INFO] runDataLoopThread is running.
2025-07-15 16:33:41,680 [INFO] getDataThread is running.
2025-07-15 16:33:41,681 [INFO] runDataLoopThread is running.
2025-07-15 16:36:31,749 [INFO] Program started
2025-07-15 16:36:37,579 [INFO] getData thread started.
2025-07-15 16:36:37,580 [INFO] runDataLoop thread started.
2025-07-15 16:36:37,580 [INFO] getDataThread is running.
2025-07-15 16:36:37,582 [INFO] runDataLoopThread is running.
2025-07-15 16:36:47,582 [INFO] getDataThread is running.
2025-07-15 16:36:47,583 [INFO] runDataLoopThread is running.
2025-07-15 16:36:57,584 [INFO] getDataThread is running.
2025-07-15 16:36:57,584 [INFO] runDataLoopThread is running.
2025-07-15 16:37:07,584 [INFO] getDataThread is running.
2025-07-15 16:37:07,585 [INFO] runDataLoopThread is running.
2025-07-16 10:06:35,441 [INFO] Program started
2025-07-16 10:06:36,195 [INFO] getData thread started.
2025-07-16 10:06:36,196 [INFO] runDataLoop thread started.
2025-07-16 10:06:36,196 [INFO] getDataThread is running.
2025-07-16 10:06:36,198 [INFO] runDataLoopThread is running.
2025-07-16 10:06:46,199 [INFO] getDataThread is running.
2025-07-16 10:06:46,199 [INFO] runDataLoopThread is running.
2025-07-16 10:06:56,199 [INFO] getDataThread is running.
2025-07-16 10:06:56,200 [INFO] runDataLoopThread is running.
2025-07-16 10:07:06,200 [INFO] getDataThread is running.
2025-07-16 10:07:06,200 [INFO] runDataLoopThread is running.
2025-07-16 10:07:16,201 [INFO] getDataThread is running.
2025-07-16 10:07:16,201 [INFO] runDataLoopThread is running.
2025-07-16 10:07:26,201 [INFO] getDataThread is running.
2025-07-16 10:07:26,202 [INFO] runDataLoopThread is running.
2025-07-16 10:07:36,202 [INFO] getDataThread is running.
2025-07-16 10:07:36,202 [INFO] runDataLoopThread is running.
2025-07-16 10:07:46,203 [INFO] getDataThread is running.
2025-07-16 10:07:46,203 [INFO] runDataLoopThread is running.
2025-07-16 10:07:56,203 [INFO] getDataThread is running.
2025-07-16 10:07:56,204 [INFO] runDataLoopThread is running.
2025-07-16 10:08:06,204 [INFO] getDataThread is running.
2025-07-16 10:08:06,204 [INFO] runDataLoopThread is running.
2025-07-16 10:08:16,205 [INFO] getDataThread is running.
2025-07-16 10:08:16,205 [INFO] runDataLoopThread is running.
2025-07-16 10:08:26,205 [INFO] getDataThread is running.
2025-07-16 10:08:26,206 [INFO] runDataLoopThread is running.
2025-07-16 10:08:36,206 [INFO] getDataThread is running.
2025-07-16 10:08:36,207 [INFO] runDataLoopThread is running.
2025-07-16 10:08:46,207 [INFO] getDataThread is running.
2025-07-16 10:08:46,207 [INFO] runDataLoopThread is running.
2025-07-16 10:08:56,207 [INFO] getDataThread is running.
2025-07-16 10:08:56,208 [INFO] runDataLoopThread is running.
2025-07-16 10:09:06,208 [INFO] getDataThread is running.
2025-07-16 10:09:06,209 [INFO] runDataLoopThread is running.
2025-07-16 10:09:16,210 [INFO] getDataThread is running.
2025-07-16 10:09:16,210 [INFO] runDataLoopThread is running.
2025-07-16 10:09:26,210 [INFO] getDataThread is running.
2025-07-16 10:09:26,211 [INFO] runDataLoopThread is running.
2025-07-16 10:09:36,211 [INFO] getDataThread is running.
2025-07-16 10:09:36,211 [INFO] runDataLoopThread is running.
2025-07-16 10:09:46,211 [INFO] getDataThread is running.
2025-07-16 10:09:46,212 [INFO] runDataLoopThread is running.
2025-07-16 10:09:56,212 [INFO] getDataThread is running.
2025-07-16 10:09:56,212 [INFO] runDataLoopThread is running.
2025-07-16 10:10:06,213 [INFO] getDataThread is running.
2025-07-16 10:10:06,213 [INFO] runDataLoopThread is running.
2025-07-16 10:10:16,214 [INFO] getDataThread is running.
2025-07-16 10:10:16,214 [INFO] runDataLoopThread is running.
2025-07-16 10:10:26,214 [INFO] getDataThread is running.
2025-07-16 10:10:26,215 [INFO] runDataLoopThread is running.
2025-07-16 10:10:36,215 [INFO] getDataThread is running.
2025-07-16 10:10:36,216 [INFO] runDataLoopThread is running.
2025-07-16 10:10:46,216 [INFO] getDataThread is running.
2025-07-16 10:10:46,217 [INFO] runDataLoopThread is running.
2025-07-16 10:10:56,217 [INFO] getDataThread is running.
2025-07-16 10:10:56,217 [INFO] runDataLoopThread is running.
2025-07-16 10:11:06,218 [INFO] getDataThread is running.
2025-07-16 10:11:06,218 [INFO] runDataLoopThread is running.
2025-07-16 10:11:16,218 [INFO] getDataThread is running.
2025-07-16 10:11:16,218 [INFO] runDataLoopThread is running.
2025-07-16 10:11:26,219 [INFO] getDataThread is running.
2025-07-16 10:11:26,219 [INFO] runDataLoopThread is running.
2025-07-16 10:11:36,219 [INFO] getDataThread is running.
2025-07-16 10:11:36,220 [INFO] runDataLoopThread is running.
2025-07-16 10:11:46,220 [INFO] getDataThread is running.
2025-07-16 10:11:46,220 [INFO] runDataLoopThread is running.
2025-07-16 10:11:56,221 [INFO] getDataThread is running.
2025-07-16 10:11:56,221 [INFO] runDataLoopThread is running.
2025-07-16 10:12:06,221 [INFO] getDataThread is running.
2025-07-16 10:12:06,222 [INFO] runDataLoopThread is running.
2025-07-16 10:12:16,222 [INFO] getDataThread is running.
2025-07-16 10:12:16,222 [INFO] runDataLoopThread is running.
2025-07-16 10:47:49,623 [INFO] Program started
2025-07-16 10:47:50,574 [INFO] getData thread started.
2025-07-16 10:47:50,574 [INFO] runDataLoop thread started.
2025-07-16 10:47:50,575 [INFO] getDataThread is running.
2025-07-16 10:47:50,576 [INFO] runDataLoopThread is running.
2025-07-16 10:48:00,577 [INFO] getDataThread is running.
2025-07-16 10:48:00,578 [INFO] runDataLoopThread is running.
2025-07-16 10:48:10,578 [INFO] getDataThread is running.
2025-07-16 10:48:10,578 [INFO] runDataLoopThread is running.
2025-07-16 10:48:20,579 [INFO] getDataThread is running.
2025-07-16 10:48:20,580 [INFO] runDataLoopThread is running.
2025-07-16 10:49:08,876 [INFO] Program started
2025-07-16 10:49:09,581 [INFO] getData thread started.
2025-07-16 10:49:09,581 [INFO] runDataLoop thread started.
2025-07-16 10:49:09,582 [INFO] getDataThread is running.
2025-07-16 10:49:09,584 [INFO] runDataLoopThread is running.
2025-07-16 10:49:15,934 [WARNING] error : Modbus Error: [Input/Output] Modbus Error: [Invalid Message] No response received, expected at least 4 bytes (0 received)2999
2025-07-16 10:49:15,934 [ERROR] modbus read error'ModbusIOException' object has no attribute 'registers'2
2025-07-16 10:49:19,585 [INFO] getDataThread is running.
2025-07-16 10:49:19,586 [INFO] runDataLoopThread is running.
2025-07-16 10:49:29,586 [INFO] getDataThread is running.
2025-07-16 10:49:29,587 [INFO] runDataLoopThread is running.
2025-07-16 10:49:39,587 [INFO] getDataThread is running.
2025-07-16 10:49:39,588 [INFO] runDataLoopThread is running.
2025-07-16 10:49:49,588 [INFO] getDataThread is running.
2025-07-16 10:49:49,588 [INFO] runDataLoopThread is running.
2025-07-16 10:49:59,589 [INFO] getDataThread is running.
2025-07-16 10:49:59,589 [INFO] runDataLoopThread is running.
2025-07-16 10:50:09,590 [INFO] getDataThread is running.
2025-07-16 10:50:09,590 [INFO] runDataLoopThread is running.
2025-07-16 10:50:19,591 [INFO] getDataThread is running.
2025-07-16 10:50:19,591 [INFO] runDataLoopThread is running.
2025-07-16 10:50:29,591 [INFO] getDataThread is running.
2025-07-16 10:50:29,592 [INFO] runDataLoopThread is running.
2025-07-16 10:50:39,592 [INFO] getDataThread is running.
2025-07-16 10:50:39,592 [INFO] runDataLoopThread is running.
2025-07-16 10:50:49,593 [INFO] getDataThread is running.
2025-07-16 10:50:49,593 [INFO] runDataLoopThread is running.
2025-07-16 10:50:59,593 [INFO] getDataThread is running.
2025-07-16 10:50:59,594 [INFO] runDataLoopThread is running.
2025-07-16 10:51:09,594 [INFO] getDataThread is running.
2025-07-16 10:51:09,594 [INFO] runDataLoopThread is running.
2025-07-16 10:51:19,595 [INFO] getDataThread is running.
2025-07-16 10:51:19,595 [INFO] runDataLoopThread is running.
2025-07-16 10:51:29,595 [INFO] getDataThread is running.
2025-07-16 10:51:29,596 [INFO] runDataLoopThread is running.
2025-07-16 10:51:39,597 [INFO] getDataThread is running.
2025-07-16 10:51:39,598 [INFO] runDataLoopThread is running.
2025-07-16 10:51:49,598 [INFO] getDataThread is running.
2025-07-16 10:51:49,598 [INFO] runDataLoopThread is running.
2025-07-16 10:51:59,599 [INFO] getDataThread is running.
2025-07-16 10:51:59,599 [INFO] runDataLoopThread is running.
2025-07-16 10:52:09,599 [INFO] getDataThread is running.
2025-07-16 10:52:09,600 [INFO] runDataLoopThread is running.
2025-07-16 10:52:19,600 [INFO] getDataThread is running.
2025-07-16 10:52:19,601 [INFO] runDataLoopThread is running.
2025-07-16 10:52:29,601 [INFO] getDataThread is running.
2025-07-16 10:52:29,601 [INFO] runDataLoopThread is running.
2025-07-16 10:52:39,601 [INFO] getDataThread is running.
2025-07-16 10:52:39,602 [INFO] runDataLoopThread is running.
2025-07-16 10:52:49,602 [INFO] getDataThread is running.
2025-07-16 10:52:49,603 [INFO] runDataLoopThread is running.
2025-07-16 10:52:59,603 [INFO] getDataThread is running.
2025-07-16 10:52:59,603 [INFO] runDataLoopThread is running.
2025-07-16 10:53:09,604 [INFO] getDataThread is running.
2025-07-16 10:53:09,604 [INFO] runDataLoopThread is running.
2025-07-16 10:53:19,604 [INFO] getDataThread is running.
2025-07-16 10:53:19,605 [INFO] runDataLoopThread is running.
2025-07-16 10:53:29,605 [INFO] getDataThread is running.
2025-07-16 10:53:29,605 [INFO] runDataLoopThread is running.
2025-07-16 10:53:39,606 [INFO] getDataThread is running.
2025-07-16 10:53:39,606 [INFO] runDataLoopThread is running.
2025-07-16 10:53:49,606 [INFO] getDataThread is running.
2025-07-16 10:53:49,607 [INFO] runDataLoopThread is running.
2025-07-16 10:53:59,607 [INFO] getDataThread is running.
2025-07-16 10:53:59,608 [INFO] runDataLoopThread is running.
2025-07-16 10:54:09,608 [INFO] getDataThread is running.
2025-07-16 10:54:09,608 [INFO] runDataLoopThread is running.
2025-07-16 10:54:19,609 [INFO] getDataThread is running.
2025-07-16 10:54:19,609 [INFO] runDataLoopThread is running.
2025-07-16 10:54:29,609 [INFO] getDataThread is running.
2025-07-16 10:54:29,610 [INFO] runDataLoopThread is running.
2025-07-16 10:54:39,610 [INFO] getDataThread is running.
2025-07-16 10:54:39,611 [INFO] runDataLoopThread is running.
2025-07-16 10:54:49,611 [INFO] getDataThread is running.
2025-07-16 10:54:49,612 [INFO] runDataLoopThread is running.
2025-07-16 10:54:59,612 [INFO] getDataThread is running.
2025-07-16 10:54:59,612 [INFO] runDataLoopThread is running.
2025-07-16 10:55:09,613 [INFO] getDataThread is running.
2025-07-16 10:55:09,613 [INFO] runDataLoopThread is running.
2025-07-16 10:55:19,614 [INFO] getDataThread is running.
2025-07-16 10:55:19,614 [INFO] runDataLoopThread is running.
2025-07-16 10:55:29,615 [INFO] getDataThread is running.
2025-07-16 10:55:29,615 [INFO] runDataLoopThread is running.
2025-07-16 10:55:39,616 [INFO] getDataThread is running.
2025-07-16 10:55:39,617 [INFO] runDataLoopThread is running.
2025-07-16 10:55:49,617 [INFO] getDataThread is running.
2025-07-16 10:55:49,617 [INFO] runDataLoopThread is running.
2025-07-16 10:55:59,618 [INFO] getDataThread is running.
2025-07-16 10:55:59,618 [INFO] runDataLoopThread is running.
2025-07-16 10:56:09,619 [INFO] getDataThread is running.
2025-07-16 10:56:09,619 [INFO] runDataLoopThread is running.
2025-07-16 10:56:19,620 [INFO] getDataThread is running.
2025-07-16 10:56:19,620 [INFO] runDataLoopThread is running.
2025-07-16 10:56:29,621 [INFO] getDataThread is running.
2025-07-16 10:56:29,621 [INFO] runDataLoopThread is running.
2025-07-16 10:56:39,621 [INFO] getDataThread is running.
2025-07-16 10:56:39,622 [INFO] runDataLoopThread is running.
2025-07-16 10:56:49,622 [INFO] getDataThread is running.
2025-07-16 10:56:49,622 [INFO] runDataLoopThread is running.
2025-07-16 10:56:59,622 [INFO] getDataThread is running.
2025-07-16 10:56:59,623 [INFO] runDataLoopThread is running.
2025-07-16 10:57:09,624 [INFO] getDataThread is running.
2025-07-16 10:57:09,624 [INFO] runDataLoopThread is running.
2025-07-16 10:57:19,625 [INFO] getDataThread is running.
2025-07-16 10:57:19,625 [INFO] runDataLoopThread is running.
2025-07-16 10:57:29,625 [INFO] getDataThread is running.
2025-07-16 10:57:29,626 [INFO] runDataLoopThread is running.
2025-07-16 10:57:39,626 [INFO] getDataThread is running.
2025-07-16 10:57:39,626 [INFO] runDataLoopThread is running.
2025-07-16 10:57:49,626 [INFO] getDataThread is running.
2025-07-16 10:57:49,627 [INFO] runDataLoopThread is running.
2025-07-16 10:57:59,627 [INFO] getDataThread is running.
2025-07-16 10:57:59,627 [INFO] runDataLoopThread is running.
2025-07-16 10:58:09,628 [INFO] getDataThread is running.
2025-07-16 10:58:09,628 [INFO] runDataLoopThread is running.
2025-07-16 10:58:19,628 [INFO] getDataThread is running.
2025-07-16 10:58:19,629 [INFO] runDataLoopThread is running.
2025-07-16 10:58:29,629 [INFO] getDataThread is running.
2025-07-16 10:58:29,629 [INFO] runDataLoopThread is running.
2025-07-16 10:58:39,630 [INFO] getDataThread is running.
2025-07-16 10:58:39,630 [INFO] runDataLoopThread is running.
2025-07-16 10:58:49,630 [INFO] getDataThread is running.
2025-07-16 10:58:49,631 [INFO] runDataLoopThread is running.
2025-07-16 10:58:59,631 [INFO] getDataThread is running.
2025-07-16 10:58:59,631 [INFO] runDataLoopThread is running.
2025-07-16 10:59:09,632 [INFO] getDataThread is running.
2025-07-16 10:59:09,632 [INFO] runDataLoopThread is running.
2025-07-16 10:59:19,632 [INFO] getDataThread is running.
2025-07-16 10:59:19,632 [INFO] runDataLoopThread is running.
2025-07-16 10:59:29,633 [INFO] getDataThread is running.
2025-07-16 10:59:29,633 [INFO] runDataLoopThread is running.
2025-07-16 10:59:39,633 [INFO] getDataThread is running.
2025-07-16 10:59:39,634 [INFO] runDataLoopThread is running.
2025-07-16 10:59:49,634 [INFO] getDataThread is running.
2025-07-16 10:59:49,635 [INFO] runDataLoopThread is running.
2025-07-16 10:59:59,635 [INFO] getDataThread is running.
2025-07-16 10:59:59,635 [INFO] runDataLoopThread is running.
2025-07-16 11:00:09,636 [INFO] getDataThread is running.
2025-07-16 11:00:09,636 [INFO] runDataLoopThread is running.
2025-07-16 11:00:19,636 [INFO] getDataThread is running.
2025-07-16 11:00:19,637 [INFO] runDataLoopThread is running.
2025-07-16 11:00:29,637 [INFO] getDataThread is running.
2025-07-16 11:00:29,637 [INFO] runDataLoopThread is running.
2025-07-16 11:00:39,638 [INFO] getDataThread is running.
2025-07-16 11:00:39,638 [INFO] runDataLoopThread is running.
2025-07-16 11:00:49,638 [INFO] getDataThread is running.
2025-07-16 11:00:49,639 [INFO] runDataLoopThread is running.
2025-07-16 11:00:59,639 [INFO] getDataThread is running.
2025-07-16 11:00:59,639 [INFO] runDataLoopThread is running.
2025-07-16 11:01:09,640 [INFO] getDataThread is running.
2025-07-16 11:01:09,640 [INFO] runDataLoopThread is running.
2025-07-16 11:01:19,640 [INFO] getDataThread is running.
2025-07-16 11:01:19,641 [INFO] runDataLoopThread is running.
2025-07-16 11:01:29,641 [INFO] getDataThread is running.
2025-07-16 11:01:29,641 [INFO] runDataLoopThread is running.
2025-07-16 11:01:39,642 [INFO] getDataThread is running.
2025-07-16 11:01:39,642 [INFO] runDataLoopThread is running.
2025-07-16 11:01:49,642 [INFO] getDataThread is running.
2025-07-16 11:01:49,643 [INFO] runDataLoopThread is running.
2025-07-16 11:01:59,643 [INFO] getDataThread is running.
2025-07-16 11:01:59,643 [INFO] runDataLoopThread is running.
2025-07-16 11:02:09,643 [INFO] getDataThread is running.
2025-07-16 11:02:09,644 [INFO] runDataLoopThread is running.
2025-07-16 11:02:19,644 [INFO] getDataThread is running.
2025-07-16 11:02:19,644 [INFO] runDataLoopThread is running.
2025-07-16 11:02:29,645 [INFO] getDataThread is running.
2025-07-16 11:02:29,645 [INFO] runDataLoopThread is running.
2025-07-16 11:02:39,645 [INFO] getDataThread is running.
2025-07-16 11:02:39,646 [INFO] runDataLoopThread is running.
2025-07-16 11:02:49,646 [INFO] getDataThread is running.
2025-07-16 11:02:49,646 [INFO] runDataLoopThread is running.
2025-07-16 11:02:59,647 [INFO] getDataThread is running.
2025-07-16 11:02:59,647 [INFO] runDataLoopThread is running.
2025-07-16 11:03:09,650 [INFO] getDataThread is running.
2025-07-16 11:03:09,651 [INFO] runDataLoopThread is running.
2025-07-16 11:03:19,652 [INFO] getDataThread is running.
2025-07-16 11:03:19,653 [INFO] runDataLoopThread is running.
2025-07-16 11:03:29,653 [INFO] getDataThread is running.
2025-07-16 11:03:29,654 [INFO] runDataLoopThread is running.
2025-07-16 11:03:39,654 [INFO] getDataThread is running.
2025-07-16 11:03:39,655 [INFO] runDataLoopThread is running.
2025-07-16 11:03:49,655 [INFO] getDataThread is running.
2025-07-16 11:03:49,656 [INFO] runDataLoopThread is running.
2025-07-16 11:03:59,656 [INFO] getDataThread is running.
2025-07-16 11:03:59,656 [INFO] runDataLoopThread is running.
2025-07-16 11:04:09,657 [INFO] getDataThread is running.
2025-07-16 11:04:09,658 [INFO] runDataLoopThread is running.
2025-07-16 11:04:19,658 [INFO] getDataThread is running.
2025-07-16 11:04:19,658 [INFO] runDataLoopThread is running.
2025-07-16 11:04:29,659 [INFO] getDataThread is running.
2025-07-16 11:04:29,659 [INFO] runDataLoopThread is running.
2025-07-16 11:04:39,659 [INFO] getDataThread is running.
2025-07-16 11:04:39,660 [INFO] runDataLoopThread is running.
2025-07-16 11:04:49,660 [INFO] getDataThread is running.
2025-07-16 11:04:49,660 [INFO] runDataLoopThread is running.
2025-07-16 11:04:59,661 [INFO] getDataThread is running.
2025-07-16 11:04:59,661 [INFO] runDataLoopThread is running.
2025-07-16 11:05:09,662 [INFO] getDataThread is running.
2025-07-16 11:05:09,662 [INFO] runDataLoopThread is running.
2025-07-16 11:05:19,663 [INFO] getDataThread is running.
2025-07-16 11:05:19,663 [INFO] runDataLoopThread is running.
2025-07-16 11:05:29,664 [INFO] getDataThread is running.
2025-07-16 11:05:29,664 [INFO] runDataLoopThread is running.
2025-07-16 11:05:39,664 [INFO] getDataThread is running.
2025-07-16 11:05:39,665 [INFO] runDataLoopThread is running.
2025-07-16 11:05:49,665 [INFO] getDataThread is running.
2025-07-16 11:05:49,665 [INFO] runDataLoopThread is running.
2025-07-16 11:05:59,666 [INFO] getDataThread is running.
2025-07-16 11:05:59,666 [INFO] runDataLoopThread is running.
2025-07-16 11:06:09,666 [INFO] getDataThread is running.
2025-07-16 11:06:09,667 [INFO] runDataLoopThread is running.
2025-07-16 11:06:19,667 [INFO] getDataThread is running.
2025-07-16 11:06:19,667 [INFO] runDataLoopThread is running.
2025-07-16 11:06:29,668 [INFO] getDataThread is running.
2025-07-16 11:06:29,668 [INFO] runDataLoopThread is running.
2025-07-16 11:06:39,669 [INFO] getDataThread is running.
2025-07-16 11:06:39,669 [INFO] runDataLoopThread is running.
2025-07-16 11:06:49,669 [INFO] getDataThread is running.
2025-07-16 11:06:49,670 [INFO] runDataLoopThread is running.
2025-07-16 11:06:59,670 [INFO] getDataThread is running.
2025-07-16 11:06:59,670 [INFO] runDataLoopThread is running.
2025-07-16 11:07:09,670 [INFO] getDataThread is running.
2025-07-16 11:07:09,671 [INFO] runDataLoopThread is running.
2025-07-16 11:07:19,671 [INFO] getDataThread is running.
2025-07-16 11:07:19,672 [INFO] runDataLoopThread is running.
2025-07-16 11:07:29,672 [INFO] getDataThread is running.
2025-07-16 11:07:29,672 [INFO] runDataLoopThread is running.
2025-07-16 11:07:39,673 [INFO] getDataThread is running.
2025-07-16 11:07:39,673 [INFO] runDataLoopThread is running.
2025-07-16 11:07:49,673 [INFO] getDataThread is running.
2025-07-16 11:07:49,674 [INFO] runDataLoopThread is running.
2025-07-16 11:07:59,674 [INFO] getDataThread is running.
2025-07-16 11:07:59,674 [INFO] runDataLoopThread is running.
2025-07-16 11:08:09,675 [INFO] getDataThread is running.
2025-07-16 11:08:09,675 [INFO] runDataLoopThread is running.
2025-07-16 11:08:19,675 [INFO] getDataThread is running.
2025-07-16 11:08:19,676 [INFO] runDataLoopThread is running.
2025-07-16 11:08:29,676 [INFO] getDataThread is running.
2025-07-16 11:08:29,677 [INFO] runDataLoopThread is running.
2025-07-16 11:08:39,677 [INFO] getDataThread is running.
2025-07-16 11:08:39,677 [INFO] runDataLoopThread is running.
2025-07-16 11:08:49,678 [INFO] getDataThread is running.
2025-07-16 11:08:49,678 [INFO] runDataLoopThread is running.
2025-07-16 11:08:59,678 [INFO] getDataThread is running.
2025-07-16 11:08:59,679 [INFO] runDataLoopThread is running.
2025-07-16 11:09:09,679 [INFO] getDataThread is running.
2025-07-16 11:09:09,679 [INFO] runDataLoopThread is running.
2025-07-16 11:09:19,680 [INFO] getDataThread is running.
2025-07-16 11:09:19,680 [INFO] runDataLoopThread is running.
2025-07-16 11:09:29,680 [INFO] getDataThread is running.
2025-07-16 11:09:29,681 [INFO] runDataLoopThread is running.
2025-07-16 11:09:39,681 [INFO] getDataThread is running.
2025-07-16 11:09:39,682 [INFO] runDataLoopThread is running.
2025-07-16 11:09:49,682 [INFO] getDataThread is running.
2025-07-16 11:09:49,682 [INFO] runDataLoopThread is running.
2025-07-16 11:09:59,683 [INFO] getDataThread is running.
2025-07-16 11:09:59,683 [INFO] runDataLoopThread is running.
2025-07-16 11:10:09,683 [INFO] getDataThread is running.
2025-07-16 11:10:09,684 [INFO] runDataLoopThread is running.
2025-07-16 11:10:19,684 [INFO] getDataThread is running.
2025-07-16 11:10:19,684 [INFO] runDataLoopThread is running.
2025-07-16 11:10:29,684 [INFO] getDataThread is running.
2025-07-16 11:10:29,685 [INFO] runDataLoopThread is running.
2025-07-16 11:10:39,685 [INFO] getDataThread is running.
2025-07-16 11:10:39,686 [INFO] runDataLoopThread is running.
2025-07-16 11:10:49,686 [INFO] getDataThread is running.
2025-07-16 11:10:49,686 [INFO] runDataLoopThread is running.
2025-07-16 11:10:59,687 [INFO] getDataThread is running.
2025-07-16 11:10:59,687 [INFO] runDataLoopThread is running.
2025-07-16 11:11:09,688 [INFO] getDataThread is running.
2025-07-16 11:11:09,688 [INFO] runDataLoopThread is running.
2025-07-16 11:11:19,688 [INFO] getDataThread is running.
2025-07-16 11:11:19,689 [INFO] runDataLoopThread is running.
2025-07-16 11:11:29,689 [INFO] getDataThread is running.
2025-07-16 11:11:29,689 [INFO] runDataLoopThread is running.
2025-07-16 11:11:39,690 [INFO] getDataThread is running.
2025-07-16 11:11:39,690 [INFO] runDataLoopThread is running.
2025-07-16 11:11:49,690 [INFO] getDataThread is running.
2025-07-16 11:11:49,691 [INFO] runDataLoopThread is running.
2025-07-16 11:11:59,691 [INFO] getDataThread is running.
2025-07-16 11:11:59,691 [INFO] runDataLoopThread is running.
2025-07-16 11:12:09,692 [INFO] getDataThread is running.
2025-07-16 11:12:09,692 [INFO] runDataLoopThread is running.
2025-07-16 11:12:19,692 [INFO] getDataThread is running.
2025-07-16 11:12:19,693 [INFO] runDataLoopThread is running.
2025-07-16 11:12:29,693 [INFO] getDataThread is running.
2025-07-16 11:12:29,694 [INFO] runDataLoopThread is running.
2025-07-16 11:12:39,694 [INFO] getDataThread is running.
2025-07-16 11:12:39,694 [INFO] runDataLoopThread is running.
2025-07-16 11:12:49,694 [INFO] getDataThread is running.
2025-07-16 11:12:49,695 [INFO] runDataLoopThread is running.
2025-07-16 11:12:59,695 [INFO] getDataThread is running.
2025-07-16 11:12:59,695 [INFO] runDataLoopThread is running.
2025-07-16 11:13:09,696 [INFO] getDataThread is running.
2025-07-16 11:13:09,696 [INFO] runDataLoopThread is running.
2025-07-16 11:13:19,696 [INFO] getDataThread is running.
2025-07-16 11:13:19,697 [INFO] runDataLoopThread is running.
2025-07-16 11:13:29,697 [INFO] getDataThread is running.
2025-07-16 11:13:29,697 [INFO] runDataLoopThread is running.
2025-07-16 11:13:39,698 [INFO] getDataThread is running.
2025-07-16 11:13:39,698 [INFO] runDataLoopThread is running.
2025-07-16 11:13:49,698 [INFO] getDataThread is running.
2025-07-16 11:13:49,699 [INFO] runDataLoopThread is running.
2025-07-16 11:13:59,699 [INFO] getDataThread is running.
2025-07-16 11:13:59,699 [INFO] runDataLoopThread is running.
2025-07-16 11:14:09,700 [INFO] getDataThread is running.
2025-07-16 11:14:09,700 [INFO] runDataLoopThread is running.
2025-07-16 11:14:19,700 [INFO] getDataThread is running.
2025-07-16 11:14:19,701 [INFO] runDataLoopThread is running.
2025-07-16 11:14:29,701 [INFO] getDataThread is running.
2025-07-16 11:14:29,701 [INFO] runDataLoopThread is running.
2025-07-16 11:14:39,702 [INFO] getDataThread is running.
2025-07-16 11:14:39,702 [INFO] runDataLoopThread is running.
2025-07-16 11:14:49,702 [INFO] getDataThread is running.
2025-07-16 11:14:49,703 [INFO] runDataLoopThread is running.
2025-07-16 11:14:59,703 [INFO] getDataThread is running.
2025-07-16 11:14:59,703 [INFO] runDataLoopThread is running.
2025-07-16 11:15:09,704 [INFO] getDataThread is running.
2025-07-16 11:15:09,704 [INFO] runDataLoopThread is running.
2025-07-16 11:15:19,704 [INFO] getDataThread is running.
2025-07-16 11:15:19,705 [INFO] runDataLoopThread is running.
2025-07-16 11:15:29,705 [INFO] getDataThread is running.
2025-07-16 11:15:29,705 [INFO] runDataLoopThread is running.
2025-07-16 11:15:39,706 [INFO] getDataThread is running.
2025-07-16 11:15:39,706 [INFO] runDataLoopThread is running.
2025-07-16 11:15:49,706 [INFO] getDataThread is running.
2025-07-16 11:15:49,707 [INFO] runDataLoopThread is running.
2025-07-16 11:15:59,707 [INFO] getDataThread is running.
2025-07-16 11:15:59,708 [INFO] runDataLoopThread is running.
2025-07-16 11:16:09,708 [INFO] getDataThread is running.
2025-07-16 11:16:09,709 [INFO] runDataLoopThread is running.
2025-07-16 11:16:19,709 [INFO] getDataThread is running.
2025-07-16 11:16:19,709 [INFO] runDataLoopThread is running.
2025-07-16 11:16:29,710 [INFO] getDataThread is running.
2025-07-16 11:16:29,710 [INFO] runDataLoopThread is running.
2025-07-16 11:16:39,710 [INFO] getDataThread is running.
2025-07-16 11:16:39,711 [INFO] runDataLoopThread is running.
2025-07-16 11:16:49,711 [INFO] getDataThread is running.
2025-07-16 11:16:49,711 [INFO] runDataLoopThread is running.
2025-07-16 11:16:59,712 [INFO] getDataThread is running.
2025-07-16 11:16:59,712 [INFO] runDataLoopThread is running.
2025-07-16 11:17:09,713 [INFO] getDataThread is running.
2025-07-16 11:17:09,713 [INFO] runDataLoopThread is running.
2025-07-16 11:17:19,713 [INFO] getDataThread is running.
2025-07-16 11:17:19,714 [INFO] runDataLoopThread is running.
2025-07-16 11:17:29,714 [INFO] getDataThread is running.
2025-07-16 11:17:29,714 [INFO] runDataLoopThread is running.
2025-07-16 11:17:39,715 [INFO] getDataThread is running.
2025-07-16 11:17:39,715 [INFO] runDataLoopThread is running.
2025-07-16 11:17:49,715 [INFO] getDataThread is running.
2025-07-16 11:17:49,716 [INFO] runDataLoopThread is running.
2025-07-16 11:17:59,716 [INFO] getDataThread is running.
2025-07-16 11:17:59,716 [INFO] runDataLoopThread is running.
2025-07-16 11:18:09,716 [INFO] getDataThread is running.
2025-07-16 11:18:09,717 [INFO] runDataLoopThread is running.
2025-07-16 11:18:19,717 [INFO] getDataThread is running.
2025-07-16 11:18:19,717 [INFO] runDataLoopThread is running.
2025-07-16 11:18:29,718 [INFO] getDataThread is running.
2025-07-16 11:18:29,718 [INFO] runDataLoopThread is running.
2025-07-16 11:18:39,718 [INFO] getDataThread is running.
2025-07-16 11:18:39,719 [INFO] runDataLoopThread is running.
2025-07-16 11:18:49,719 [INFO] getDataThread is running.
2025-07-16 11:18:49,719 [INFO] runDataLoopThread is running.
2025-07-16 11:18:59,720 [INFO] getDataThread is running.
2025-07-16 11:18:59,720 [INFO] runDataLoopThread is running.
2025-07-16 11:19:09,720 [INFO] getDataThread is running.
2025-07-16 11:19:09,721 [INFO] runDataLoopThread is running.
2025-07-16 11:19:19,721 [INFO] getDataThread is running.
2025-07-16 11:19:19,721 [INFO] runDataLoopThread is running.
2025-07-16 11:19:29,722 [INFO] getDataThread is running.
2025-07-16 11:19:29,723 [INFO] runDataLoopThread is running.
2025-07-16 11:19:39,723 [INFO] getDataThread is running.
2025-07-16 11:19:39,724 [INFO] runDataLoopThread is running.
2025-07-16 11:19:49,724 [INFO] getDataThread is running.
2025-07-16 11:19:49,724 [INFO] runDataLoopThread is running.
2025-07-16 11:19:59,725 [INFO] getDataThread is running.
2025-07-16 11:19:59,725 [INFO] runDataLoopThread is running.
2025-07-16 11:20:09,726 [INFO] getDataThread is running.
2025-07-16 11:20:09,726 [INFO] runDataLoopThread is running.
2025-07-16 11:20:19,727 [INFO] getDataThread is running.
2025-07-16 11:20:19,727 [INFO] runDataLoopThread is running.
2025-07-16 11:20:29,727 [INFO] getDataThread is running.
2025-07-16 11:20:29,728 [INFO] runDataLoopThread is running.
2025-07-16 11:20:39,728 [INFO] getDataThread is running.
2025-07-16 11:20:39,729 [INFO] runDataLoopThread is running.
2025-07-16 11:20:49,729 [INFO] getDataThread is running.
2025-07-16 11:20:49,730 [INFO] runDataLoopThread is running.
2025-07-16 11:20:59,730 [INFO] getDataThread is running.
2025-07-16 11:20:59,730 [INFO] runDataLoopThread is running.
2025-07-16 11:21:09,730 [INFO] getDataThread is running.
2025-07-16 11:21:09,731 [INFO] runDataLoopThread is running.
2025-07-16 11:21:19,731 [INFO] getDataThread is running.
2025-07-16 11:21:19,731 [INFO] runDataLoopThread is running.
2025-07-16 11:21:29,732 [INFO] getDataThread is running.
2025-07-16 11:21:29,732 [INFO] runDataLoopThread is running.
2025-07-16 11:21:39,732 [INFO] getDataThread is running.
2025-07-16 11:21:39,733 [INFO] runDataLoopThread is running.
2025-07-16 11:21:49,733 [INFO] getDataThread is running.
2025-07-16 11:21:49,733 [INFO] runDataLoopThread is running.
2025-07-16 11:21:59,734 [INFO] getDataThread is running.
2025-07-16 11:21:59,734 [INFO] runDataLoopThread is running.
2025-07-16 11:22:09,734 [INFO] getDataThread is running.
2025-07-16 11:22:09,735 [INFO] runDataLoopThread is running.
2025-07-16 11:22:19,735 [INFO] getDataThread is running.
2025-07-16 11:22:19,735 [INFO] runDataLoopThread is running.
2025-07-16 11:22:29,735 [INFO] getDataThread is running.
2025-07-16 11:22:29,736 [INFO] runDataLoopThread is running.
2025-07-16 11:22:39,736 [INFO] getDataThread is running.
2025-07-16 11:22:39,736 [INFO] runDataLoopThread is running.
2025-07-16 11:22:49,737 [INFO] getDataThread is running.
2025-07-16 11:22:49,737 [INFO] runDataLoopThread is running.
2025-07-16 11:22:59,737 [INFO] getDataThread is running.
2025-07-16 11:22:59,738 [INFO] runDataLoopThread is running.
2025-07-16 11:23:09,738 [INFO] getDataThread is running.
2025-07-16 11:23:09,738 [INFO] runDataLoopThread is running.
2025-07-16 11:23:19,739 [INFO] getDataThread is running.
2025-07-16 11:23:19,739 [INFO] runDataLoopThread is running.
2025-07-16 11:23:29,739 [INFO] getDataThread is running.
2025-07-16 11:23:29,740 [INFO] runDataLoopThread is running.
2025-07-16 11:23:39,740 [INFO] getDataThread is running.
2025-07-16 11:23:39,740 [INFO] runDataLoopThread is running.
2025-07-16 11:23:49,741 [INFO] getDataThread is running.
2025-07-16 11:23:49,741 [INFO] runDataLoopThread is running.
2025-07-16 11:23:59,741 [INFO] getDataThread is running.
2025-07-16 11:23:59,742 [INFO] runDataLoopThread is running.
2025-07-16 11:24:09,742 [INFO] getDataThread is running.
2025-07-16 11:24:09,742 [INFO] runDataLoopThread is running.
2025-07-16 11:24:19,743 [INFO] getDataThread is running.
2025-07-16 11:24:19,743 [INFO] runDataLoopThread is running.
2025-07-16 11:24:29,744 [INFO] getDataThread is running.
2025-07-16 11:24:29,744 [INFO] runDataLoopThread is running.
2025-07-16 11:24:39,745 [INFO] getDataThread is running.
2025-07-16 11:24:39,745 [INFO] runDataLoopThread is running.
2025-07-16 11:24:49,745 [INFO] getDataThread is running.
2025-07-16 11:24:49,746 [INFO] runDataLoopThread is running.
2025-07-16 11:24:59,746 [INFO] getDataThread is running.
2025-07-16 11:24:59,746 [INFO] runDataLoopThread is running.
2025-07-16 11:25:09,746 [INFO] getDataThread is running.
2025-07-16 11:25:09,747 [INFO] runDataLoopThread is running.
2025-07-16 11:25:19,747 [INFO] getDataThread is running.
2025-07-16 11:25:19,747 [INFO] runDataLoopThread is running.
2025-07-16 11:25:29,748 [INFO] getDataThread is running.
2025-07-16 11:25:29,748 [INFO] runDataLoopThread is running.
2025-07-16 11:25:39,749 [INFO] getDataThread is running.
2025-07-16 11:25:39,749 [INFO] runDataLoopThread is running.
2025-07-16 11:25:49,749 [INFO] getDataThread is running.
2025-07-16 11:25:49,750 [INFO] runDataLoopThread is running.
2025-07-16 11:25:59,750 [INFO] getDataThread is running.
2025-07-16 11:25:59,750 [INFO] runDataLoopThread is running.
2025-07-16 11:26:09,751 [INFO] getDataThread is running.
2025-07-16 11:26:09,751 [INFO] runDataLoopThread is running.
2025-07-16 11:26:19,752 [INFO] getDataThread is running.
2025-07-16 11:26:19,752 [INFO] runDataLoopThread is running.
2025-07-16 11:26:29,752 [INFO] getDataThread is running.
2025-07-16 11:26:29,753 [INFO] runDataLoopThread is running.
2025-07-16 11:26:39,753 [INFO] getDataThread is running.
2025-07-16 11:26:39,754 [INFO] runDataLoopThread is running.
2025-07-16 11:26:49,755 [INFO] getDataThread is running.
2025-07-16 11:26:49,755 [INFO] runDataLoopThread is running.
2025-07-16 11:26:59,756 [INFO] getDataThread is running.
2025-07-16 11:26:59,756 [INFO] runDataLoopThread is running.
2025-07-16 11:27:09,757 [INFO] getDataThread is running.
2025-07-16 11:27:09,757 [INFO] runDataLoopThread is running.
2025-07-16 11:27:19,758 [INFO] getDataThread is running.
2025-07-16 11:27:19,758 [INFO] runDataLoopThread is running.
2025-07-16 11:27:29,759 [INFO] getDataThread is running.
2025-07-16 11:27:29,759 [INFO] runDataLoopThread is running.
2025-07-16 11:27:39,760 [INFO] getDataThread is running.
2025-07-16 11:27:39,760 [INFO] runDataLoopThread is running.
2025-07-16 11:27:49,761 [INFO] getDataThread is running.
2025-07-16 11:27:49,761 [INFO] runDataLoopThread is running.
2025-07-16 11:27:59,761 [INFO] getDataThread is running.
2025-07-16 11:27:59,762 [INFO] runDataLoopThread is running.
2025-07-16 11:28:09,762 [INFO] getDataThread is running.
2025-07-16 11:28:09,763 [INFO] runDataLoopThread is running.
2025-07-16 11:28:19,763 [INFO] getDataThread is running.
2025-07-16 11:28:19,764 [INFO] runDataLoopThread is running.
2025-07-16 11:28:29,764 [INFO] getDataThread is running.
2025-07-16 11:28:29,764 [INFO] runDataLoopThread is running.
2025-07-16 11:28:39,765 [INFO] getDataThread is running.
2025-07-16 11:28:39,766 [INFO] runDataLoopThread is running.
                                             2025-07-16 11:47:55,930 [INFO] Program started
2025-07-16 11:47:56,879 [INFO] getData thread started.
2025-07-16 11:47:56,880 [INFO] runDataLoop thread started.
2025-07-16 11:47:56,880 [INFO] getDataThread is running.
2025-07-16 11:47:56,882 [INFO] runDataLoopThread is running.
2025-07-16 11:48:06,883 [INFO] getDataThread is running.
2025-07-16 11:48:06,884 [INFO] runDataLoopThread is running.
2025-07-16 11:48:16,884 [INFO] getDataThread is running.
2025-07-16 11:48:16,885 [INFO] runDataLoopThread is running.
2025-07-16 11:48:26,885 [INFO] getDataThread is running.
2025-07-16 11:48:26,886 [INFO] runDataLoopThread is running.
2025-07-16 11:48:36,886 [INFO] getDataThread is running.
2025-07-16 11:48:36,886 [INFO] runDataLoopThread is running.
2025-07-16 11:48:46,887 [INFO] getDataThread is running.
2025-07-16 11:48:46,887 [INFO] runDataLoopThread is running.
2025-07-16 11:48:56,887 [INFO] getDataThread is running.
2025-07-16 11:48:56,888 [INFO] runDataLoopThread is running.
2025-07-16 11:49:06,888 [INFO] getDataThread is running.
2025-07-16 11:49:06,889 [INFO] runDataLoopThread is running.
2025-07-16 11:49:16,889 [INFO] getDataThread is running.
2025-07-16 11:49:16,889 [INFO] runDataLoopThread is running.
2025-07-16 11:49:26,890 [INFO] getDataThread is running.
2025-07-16 11:49:26,890 [INFO] runDataLoopThread is running.
2025-07-16 11:49:36,890 [INFO] getDataThread is running.
2025-07-16 11:49:36,890 [INFO] runDataLoopThread is running.
2025-07-16 11:49:46,891 [INFO] getDataThread is running.
2025-07-16 11:49:46,891 [INFO] runDataLoopThread is running.
2025-07-16 11:49:56,891 [INFO] getDataThread is running.
2025-07-16 11:49:56,892 [INFO] runDataLoopThread is running.
2025-07-16 11:50:06,892 [INFO] getDataThread is running.
2025-07-16 11:50:06,892 [INFO] runDataLoopThread is running.
2025-07-16 11:50:16,893 [INFO] getDataThread is running.
2025-07-16 11:50:16,893 [INFO] runDataLoopThread is running.
2025-07-16 11:50:26,893 [INFO] getDataThread is running.
2025-07-16 11:50:26,894 [INFO] runDataLoopThread is running.
2025-07-16 12:37:26,219 [INFO] Program started
2025-07-16 12:37:27,105 [INFO] getData thread started.
2025-07-16 12:37:27,105 [INFO] runDataLoop thread started.
2025-07-16 12:37:27,106 [INFO] getDataThread is running.
2025-07-16 12:37:27,108 [INFO] runDataLoopThread is running.
2025-07-16 12:37:27,819 [INFO] control executed successfully
2025-07-16 12:37:33,531 [INFO] control executed successfully
2025-07-16 12:37:37,109 [INFO] getDataThread is running.
2025-07-16 12:37:37,110 [INFO] runDataLoopThread is running.
2025-07-16 12:37:39,234 [INFO] control executed successfully
2025-07-16 12:37:44,930 [INFO] control executed successfully
2025-07-16 12:37:47,110 [INFO] getDataThread is running.
2025-07-16 12:37:47,110 [INFO] runDataLoopThread is running.
2025-07-16 12:37:50,641 [INFO] control executed successfully
2025-07-16 12:37:56,320 [INFO] control executed successfully
2025-07-16 12:37:57,111 [INFO] getDataThread is running.
2025-07-16 12:37:57,111 [INFO] runDataLoopThread is running.
2025-07-16 12:38:02,015 [INFO] control executed successfully
2025-07-16 12:38:07,111 [INFO] getDataThread is running.
2025-07-16 12:38:07,111 [INFO] runDataLoopThread is running.
2025-07-16 12:38:07,715 [INFO] control executed successfully
2025-07-16 12:38:13,413 [INFO] control executed successfully
2025-07-16 12:38:17,112 [INFO] getDataThread is running.
2025-07-16 12:38:17,113 [INFO] runDataLoopThread is running.
2025-07-16 12:38:19,104 [INFO] control executed successfully
2025-07-16 12:38:24,787 [INFO] control executed successfully
2025-07-16 12:38:27,113 [INFO] getDataThread is running.
2025-07-16 12:38:27,114 [INFO] runDataLoopThread is running.
2025-07-16 12:38:30,498 [INFO] control executed successfully
2025-07-16 12:38:36,185 [INFO] control executed successfully
2025-07-16 12:38:37,114 [INFO] getDataThread is running.
2025-07-16 12:38:37,115 [INFO] runDataLoopThread is running.
2025-07-16 12:38:41,904 [INFO] control executed successfully
2025-07-16 12:38:47,115 [INFO] getDataThread is running.
2025-07-16 12:38:47,116 [INFO] runDataLoopThread is running.
2025-07-16 12:38:47,591 [INFO] control executed successfully
2025-07-16 12:38:53,286 [INFO] control executed successfully
2025-07-16 12:38:57,118 [INFO] getDataThread is running.
2025-07-16 12:38:57,118 [INFO] runDataLoopThread is running.
2025-07-16 12:38:58,973 [INFO] control executed successfully
2025-07-16 12:39:04,661 [INFO] control executed successfully
2025-07-16 12:39:07,119 [INFO] getDataThread is running.
2025-07-16 12:39:07,120 [INFO] runDataLoopThread is running.
2025-07-16 12:39:10,356 [INFO] control executed successfully
2025-07-16 12:39:16,056 [INFO] control executed successfully
2025-07-16 12:39:17,120 [INFO] getDataThread is running.
2025-07-16 12:39:17,120 [INFO] runDataLoopThread is running.
2025-07-16 12:39:21,762 [INFO] control executed successfully
2025-07-16 12:39:27,121 [INFO] getDataThread is running.
2025-07-16 12:39:27,121 [INFO] runDataLoopThread is running.
2025-07-16 12:39:27,441 [INFO] control executed successfully
2025-07-16 12:39:33,120 [INFO] control executed successfully
2025-07-16 12:39:37,121 [INFO] getDataThread is running.
2025-07-16 12:39:37,122 [INFO] runDataLoopThread is running.
2025-07-16 12:39:38,815 [INFO] control executed successfully
2025-07-16 12:39:44,517 [INFO] control executed successfully
2025-07-16 12:39:47,122 [INFO] getDataThread is running.
2025-07-16 12:39:47,122 [INFO] runDataLoopThread is running.
2025-07-16 12:39:50,226 [INFO] control executed successfully
2025-07-16 12:41:27,945 [INFO] Program started
2025-07-16 12:41:27,956 [INFO] getData thread started.
2025-07-16 12:41:27,957 [INFO] runDataLoop thread started.
2025-07-16 12:41:27,957 [INFO] getDataThread is running.
2025-07-16 12:41:27,958 [INFO] runDataLoopThread is running.
2025-07-16 12:41:28,646 [INFO] control executed successfully
2025-07-16 12:41:34,359 [INFO] control executed successfully
2025-07-16 12:41:37,959 [INFO] getDataThread is running.
2025-07-16 12:41:37,959 [INFO] runDataLoopThread is running.
2025-07-16 12:41:40,052 [INFO] control executed successfully
2025-07-16 12:41:45,765 [INFO] control executed successfully
2025-07-16 12:41:47,960 [INFO] getDataThread is running.
2025-07-16 12:41:47,960 [INFO] runDataLoopThread is running.
2025-07-16 12:41:51,475 [INFO] control executed successfully
2025-07-16 12:41:57,179 [INFO] control executed successfully
2025-07-16 12:42:00,060 [INFO] Program started
2025-07-16 12:42:00,070 [INFO] getData thread started.
2025-07-16 12:42:00,071 [INFO] runDataLoop thread started.
2025-07-16 12:42:00,071 [INFO] getDataThread is running.
2025-07-16 12:42:00,072 [INFO] runDataLoopThread is running.
2025-07-16 12:42:00,763 [INFO] control executed successfully
2025-08-11 14:56:35,166 [INFO] Program started
2025-08-11 14:56:35,181 [INFO] getData thread started.
2025-08-11 14:56:35,182 [INFO] runDataLoop thread started.
2025-08-11 14:56:35,182 [INFO] getDataThread is running.
2025-08-11 14:56:35,184 [INFO] runDataLoopThread is running.
2025-08-11 14:56:36,219 [INFO] control executed successfully
2025-08-11 14:56:41,923 [INFO] control executed successfully
2025-08-11 14:56:45,186 [INFO] getDataThread is running.
2025-08-11 14:56:45,187 [INFO] runDataLoopThread is running.
2025-08-11 14:56:47,650 [INFO] control executed successfully
2025-08-11 14:56:53,354 [INFO] control executed successfully
2025-08-11 14:56:55,187 [INFO] getDataThread is running.
2025-08-11 14:56:55,188 [INFO] runDataLoopThread is running.
2025-08-11 14:56:59,040 [INFO] control executed successfully
2025-08-11 14:57:04,742 [INFO] control executed successfully
2025-08-11 14:57:05,188 [INFO] getDataThread is running.
2025-08-11 14:57:05,188 [INFO] runDataLoopThread is running.
2025-08-11 14:57:10,454 [INFO] control executed successfully
2025-08-11 14:59:13,424 [INFO] Program started
2025-08-11 14:59:13,434 [INFO] getData thread started.
2025-08-11 14:59:13,434 [INFO] runDataLoop thread started.
2025-08-11 14:59:13,435 [INFO] getDataThread is running.
2025-08-11 14:59:13,436 [INFO] runDataLoopThread is running.
2025-08-11 14:59:14,453 [INFO] control executed successfully
2025-08-11 14:59:20,148 [INFO] control executed successfully
2025-08-11 14:59:23,437 [INFO] getDataThread is running.
2025-08-11 14:59:23,438 [INFO] runDataLoopThread is running.
2025-08-11 14:59:25,858 [INFO] control executed successfully
2025-08-11 14:59:31,562 [INFO] control executed successfully
2025-08-11 14:59:33,439 [INFO] getDataThread is running.
2025-08-11 14:59:33,439 [INFO] runDataLoopThread is running.
2025-08-11 14:59:37,280 [INFO] control executed successfully
2025-08-11 14:59:42,992 [INFO] control executed successfully
2025-08-11 14:59:43,439 [INFO] getDataThread is running.
2025-08-11 14:59:43,440 [INFO] runDataLoopThread is running.
2025-08-11 14:59:48,684 [INFO] control executed successfully
2025-08-11 14:59:53,441 [INFO] getDataThread is running.
2025-08-11 14:59:53,441 [INFO] runDataLoopThread is running.
2025-08-11 14:59:54,397 [INFO] control executed successfully
2025-08-11 15:00:00,100 [INFO] control executed successfully
2025-08-11 15:00:03,441 [INFO] getDataThread is running.
2025-08-11 15:00:03,442 [INFO] runDataLoopThread is running.
2025-08-11 15:00:05,827 [INFO] control executed successfully
2025-08-11 15:00:11,522 [INFO] control executed successfully
2025-08-11 15:00:13,442 [INFO] getDataThread is running.
2025-08-11 15:00:13,442 [INFO] runDataLoopThread is running.
2025-08-11 15:00:17,222 [INFO] control executed successfully
2025-08-11 15:00:22,928 [INFO] control executed successfully
2025-08-11 15:00:23,443 [INFO] getDataThread is running.
2025-08-11 15:00:23,443 [INFO] runDataLoopThread is running.
2025-08-11 15:00:28,629 [INFO] control executed successfully
2025-08-11 15:00:33,443 [INFO] getDataThread is running.
2025-08-11 15:00:33,444 [INFO] runDataLoopThread is running.
2025-08-11 15:00:34,325 [INFO] control executed successfully
2025-08-11 15:00:40,029 [INFO] control executed successfully
2025-08-11 15:00:43,444 [INFO] getDataThread is running.
2025-08-11 15:00:43,444 [INFO] runDataLoopThread is running.
2025-08-11 15:00:45,708 [INFO] control executed successfully
2025-08-11 15:00:51,420 [INFO] control executed successfully
2025-08-11 15:00:53,445 [INFO] getDataThread is running.
2025-08-11 15:00:53,445 [INFO] runDataLoopThread is running.
2025-08-11 15:00:57,121 [INFO] control executed successfully
2025-08-11 15:01:02,824 [INFO] control executed successfully
2025-08-11 15:01:03,446 [INFO] getDataThread is running.
2025-08-11 15:01:03,447 [INFO] runDataLoopThread is running.
2025-08-11 15:01:08,521 [INFO] control executed successfully
2025-08-11 15:01:13,447 [INFO] getDataThread is running.
2025-08-11 15:01:13,448 [INFO] runDataLoopThread is running.
2025-08-11 15:01:14,214 [INFO] control executed successfully
2025-08-11 15:01:19,909 [INFO] control executed successfully
2025-08-11 15:01:59,314 [INFO] Program started
2025-08-11 15:01:59,323 [INFO] getData thread started.
2025-08-11 15:01:59,323 [INFO] runDataLoop thread started.
2025-08-11 15:01:59,323 [INFO] getDataThread is running.
2025-08-11 15:01:59,325 [INFO] runDataLoopThread is running.
2025-08-11 15:02:00,321 [INFO] control executed successfully
2025-08-11 15:02:06,041 [INFO] control executed successfully
2025-08-11 15:02:09,326 [INFO] getDataThread is running.
2025-08-11 15:02:09,326 [INFO] runDataLoopThread is running.
2025-08-11 15:02:11,743 [INFO] control executed successfully
2025-08-11 15:02:17,455 [INFO] control executed successfully
2025-08-11 15:02:19,326 [INFO] getDataThread is running.
2025-08-11 15:02:19,327 [INFO] runDataLoopThread is running.
2025-08-11 15:02:23,158 [INFO] control executed successfully
2025-08-11 15:02:28,860 [INFO] control executed successfully
2025-08-11 15:02:29,327 [INFO] getDataThread is running.
2025-08-11 15:02:29,328 [INFO] runDataLoopThread is running.
2025-08-11 15:02:34,548 [INFO] control executed successfully
2025-08-11 15:02:39,328 [INFO] getDataThread is running.
2025-08-11 15:02:39,330 [INFO] runDataLoopThread is running.
2025-08-11 15:02:40,259 [INFO] control executed successfully
2025-08-11 15:02:45,962 [INFO] control executed successfully
2025-08-11 15:02:49,330 [INFO] getDataThread is running.
2025-08-11 15:02:49,331 [INFO] runDataLoopThread is running.
2025-08-11 15:02:51,654 [INFO] control executed successfully
2025-08-11 15:02:57,360 [INFO] control executed successfully
2025-08-11 15:02:59,331 [INFO] getDataThread is running.
2025-08-11 15:02:59,331 [INFO] runDataLoopThread is running.
2025-08-11 15:03:03,078 [INFO] control executed successfully
2025-08-11 15:03:08,774 [INFO] control executed successfully
2025-08-11 15:03:09,332 [INFO] getDataThread is running.
2025-08-11 15:03:09,332 [INFO] runDataLoopThread is running.
2025-08-11 15:03:14,477 [INFO] control executed successfully
2025-08-11 15:03:19,333 [INFO] getDataThread is running.
2025-08-11 15:03:19,333 [INFO] runDataLoopThread is running.
2025-08-11 15:03:20,156 [INFO] control executed successfully
2025-08-11 15:03:25,859 [INFO] control executed successfully
2025-08-11 15:03:29,333 [INFO] getDataThread is running.
2025-08-11 15:03:29,334 [INFO] runDataLoopThread is running.
2025-08-11 15:03:31,561 [INFO] control executed successfully
2025-08-11 15:03:37,263 [INFO] control executed successfully
2025-08-11 15:03:39,334 [INFO] getDataThread is running.
2025-08-11 15:03:39,335 [INFO] runDataLoopThread is running.
2025-08-11 15:03:42,983 [INFO] control executed successfully
2025-08-11 15:03:48,678 [INFO] control executed successfully
2025-08-11 15:03:49,335 [INFO] getDataThread is running.
2025-08-11 15:03:49,335 [INFO] runDataLoopThread is running.
2025-08-11 15:03:54,381 [INFO] control executed successfully
2025-08-11 15:03:59,336 [INFO] getDataThread is running.
2025-08-11 15:03:59,336 [INFO] runDataLoopThread is running.
2025-08-11 15:04:00,084 [INFO] control executed successfully
2025-08-11 15:04:05,779 [INFO] control executed successfully
2025-08-11 15:04:09,336 [INFO] getDataThread is running.
2025-08-11 15:04:09,337 [INFO] runDataLoopThread is running.
2025-08-11 15:04:11,478 [INFO] control executed successfully
2025-08-11 15:04:17,154 [INFO] control executed successfully
2025-08-11 15:04:19,337 [INFO] getDataThread is running.
2025-08-11 15:04:19,338 [INFO] runDataLoopThread is running.
2025-08-11 15:05:37,348 [INFO] Program started
2025-08-11 15:05:37,359 [INFO] getData thread started.
2025-08-11 15:05:37,359 [INFO] runDataLoop thread started.
2025-08-11 15:05:37,360 [INFO] getDataThread is running.
2025-08-11 15:05:37,361 [INFO] runDataLoopThread is running.
2025-08-11 15:05:47,361 [INFO] getDataThread is running.
2025-08-11 15:05:47,362 [INFO] runDataLoopThread is running.
2025-08-11 15:05:57,362 [INFO] getDataThread is running.
2025-08-11 15:05:57,363 [INFO] runDataLoopThread is running.
2025-08-11 15:06:07,363 [INFO] getDataThread is running.
2025-08-11 15:06:07,363 [INFO] runDataLoopThread is running.
2025-08-11 15:06:17,364 [INFO] getDataThread is running.
2025-08-11 15:06:17,364 [INFO] runDataLoopThread is running.
2025-08-11 15:08:38,679 [INFO] Program started
2025-08-11 15:08:38,691 [INFO] getData thread started.
2025-08-11 15:08:38,692 [INFO] runDataLoop thread started.
2025-08-11 15:08:38,693 [INFO] getDataThread is running.
2025-08-11 15:08:38,697 [INFO] runDataLoopThread is running.
2025-08-11 15:08:48,697 [INFO] getDataThread is running.
2025-08-11 15:08:48,698 [INFO] runDataLoopThread is running.
2025-08-11 15:08:58,698 [INFO] getDataThread is running.
2025-08-11 15:08:58,699 [INFO] runDataLoopThread is running.
2025-08-11 15:09:08,700 [INFO] getDataThread is running.
2025-08-11 15:09:08,700 [INFO] runDataLoopThread is running.
2025-08-11 15:09:18,700 [INFO] getDataThread is running.
2025-08-11 15:09:18,702 [INFO] runDataLoopThread is running.
2025-08-11 15:09:28,703 [INFO] getDataThread is running.
2025-08-11 15:09:28,703 [INFO] runDataLoopThread is running.
2025-08-11 15:09:38,703 [INFO] getDataThread is running.
2025-08-11 15:09:38,704 [INFO] runDataLoopThread is running.
2025-08-11 15:09:48,704 [INFO] getDataThread is running.
2025-08-11 15:09:48,704 [INFO] runDataLoopThread is running.
2025-08-11 15:09:58,705 [INFO] getDataThread is running.
2025-08-11 15:09:58,705 [INFO] runDataLoopThread is running.
2025-08-11 15:10:08,705 [INFO] getDataThread is running.
2025-08-11 15:10:08,706 [INFO] runDataLoopThread is running.
2025-08-11 15:10:18,707 [INFO] getDataThread is running.
2025-08-11 15:10:18,708 [INFO] runDataLoopThread is running.
2025-08-11 15:10:28,709 [INFO] getDataThread is running.
2025-08-11 15:10:28,709 [INFO] runDataLoopThread is running.
2025-08-11 15:12:32,791 [INFO] Program started
2025-08-11 15:12:32,802 [INFO] getData thread started.
2025-08-11 15:12:32,802 [INFO] runDataLoop thread started.
2025-08-11 15:12:32,803 [INFO] getDataThread is running.
2025-08-11 15:12:32,804 [INFO] runDataLoopThread is running.
2025-08-11 15:12:42,804 [INFO] getDataThread is running.
2025-08-11 15:12:42,805 [INFO] runDataLoopThread is running.
2025-08-11 15:12:52,805 [INFO] getDataThread is running.
2025-08-11 15:12:52,805 [INFO] runDataLoopThread is running.
2025-08-11 15:13:02,806 [INFO] getDataThread is running.
2025-08-11 15:13:02,806 [INFO] runDataLoopThread is running.
2025-08-11 15:13:12,806 [INFO] getDataThread is running.
2025-08-11 15:13:12,807 [INFO] runDataLoopThread is running.
2025-08-11 15:13:22,807 [INFO] getDataThread is running.
2025-08-11 15:13:22,808 [INFO] runDataLoopThread is running.
2025-08-11 15:13:32,808 [INFO] getDataThread is running.
2025-08-11 15:13:32,808 [INFO] runDataLoopThread is running.
2025-08-11 15:13:42,809 [INFO] getDataThread is running.
2025-08-11 15:13:42,809 [INFO] runDataLoopThread is running.
2025-08-11 16:56:06,042 [INFO] Program started
2025-08-11 16:56:06,052 [INFO] getData thread started.
2025-08-11 16:56:06,052 [INFO] runDataLoop thread started.
2025-08-11 16:56:06,052 [INFO] getDataThread is running.
2025-08-11 16:56:06,053 [INFO] runDataLoopThread is running.
2025-08-11 16:56:16,054 [INFO] getDataThread is running.
2025-08-11 16:56:16,054 [INFO] runDataLoopThread is running.
2025-08-11 16:56:26,055 [INFO] getDataThread is running.
2025-08-11 16:56:26,055 [INFO] runDataLoopThread is running.
2025-08-11 17:29:43,157 [INFO] Program started
2025-08-11 17:29:43,165 [INFO] getData thread started.
2025-08-11 17:29:43,166 [INFO] runDataLoop thread started.
2025-08-11 17:29:43,166 [INFO] getDataThread is running.
2025-08-11 17:29:43,167 [INFO] runDataLoopThread is running.
2025-08-11 17:29:53,168 [INFO] getDataThread is running.
2025-08-11 17:29:53,169 [INFO] runDataLoopThread is running.
2025-08-11 17:30:03,169 [INFO] getDataThread is running.
2025-08-11 17:30:03,170 [INFO] runDataLoopThread is running.
2025-08-11 17:30:13,170 [INFO] getDataThread is running.
2025-08-11 17:30:13,170 [INFO] runDataLoopThread is running.
2025-08-11 17:31:25,410 [INFO] Program started
2025-08-11 17:31:25,418 [INFO] getData thread started.
2025-08-11 17:31:25,418 [INFO] runDataLoop thread started.
2025-08-11 17:31:25,419 [INFO] getDataThread is running.
2025-08-11 17:31:25,420 [INFO] runDataLoopThread is running.
2025-08-11 17:31:35,421 [INFO] getDataThread is running.
2025-08-11 17:31:35,421 [INFO] runDataLoopThread is running.
2025-08-11 17:31:45,422 [INFO] getDataThread is running.
2025-08-11 17:31:45,422 [INFO] runDataLoopThread is running.
